<?xml version="1.0" encoding="UTF-8"?>
<!-- Generated by org.testng.reporters.JUnitXMLReporter -->
<testsuite ignored="3" hostname="DESKTOP-RD643P7" failures="0" tests="0" time="0.014" errors="0" timestamp="2026-02-24T18:41:30 IST">
  <testcase classname="practice.Sel_frame.AddToCart" name="cartMatch" time="0.0">
    <ignored/>
  </testcase> <!-- cartMatch -->
  <testcase classname="practice.Sel_frame.AddToCart" name="addToCart" time="0.0">
    <ignored/>
  </testcase> <!-- addToCart -->
  <testcase classname="practice.Sel_frame.AddToCart" name="checkout" time="0.0">
    <ignored/>
  </testcase> <!-- checkout -->
</testsuite>
