<?xml version="1.0" encoding="UTF-8"?>
<!-- Generated by org.testng.reporters.JUnitXMLReporter -->
<testsuite ignored="0" hostname="DESKTOP-RD643P7" failures="1" tests="2" name="checkerror" time="37.94" errors="0" timestamp="2026-02-27T13:33:48 IST">
  <testcase classname="practice.Sel_frame.ErrorValidation" name="addToCart" time="23.83"/>
  <testcase classname="practice.Sel_frame.ErrorValidation" name="tileLogin" time="4.41">
    <failure type="java.lang.AssertionError" message="expected [true] but found [false]">
      <![CDATA[java.lang.AssertionError: expected [true] but found [false]
at practice.Sel_frame.ErrorValidation.tileLogin(ErrorValidation.java:23)
at java.base/java.util.ArrayList.forEach(ArrayList.java:1511)
... Removed 31 stack frames]]>
    </failure>
  </testcase> <!-- tileLogin -->
</testsuite> <!-- checkerror -->
