<?xml version="1.0" encoding="UTF-8"?>
<!-- Generated by org.testng.reporters.JUnitXMLReporter -->
<testsuite ignored="1" hostname="DESKTOP-RD643P7" failures="1" tests="1" name="checkerror" time="0.681" errors="0" timestamp="2026-02-24T18:41:30 IST">
  <testcase classname="practice.Sel_frame.ErrorValidation" name="addToCart" time="0.472">
    <failure type="java.lang.NullPointerException" message="Cannot invoke &amp;quot;org.openqa.selenium.SearchContext.findElements(org.openqa.selenium.By)&amp;quot; because &amp;quot;this.searchContext&amp;quot; is null">
      <![CDATA[java.lang.NullPointerException: Cannot invoke "org.openqa.selenium.SearchContext.findElements(org.openqa.selenium.By)" because "this.searchContext" is null
at org.openqa.selenium.support.pagefactory.DefaultElementLocator.findElements(DefaultElementLocator.java:83)
at org.openqa.selenium.support.pagefactory.internal.LocatingElementListHandler.invoke(LocatingElementListHandler.java:36)
at jdk.proxy2/jdk.proxy2.$Proxy10.stream(Unknown Source)
at practice.Sel_frame.projectObject.CartPage.isAllProductsDisplayedInCart(CartPage.java:95)
at practice.Sel_frame.ErrorValidation.addToCart(ErrorValidation.java:35)
at java.base/java.util.ArrayList.forEach(ArrayList.java:1511)
at java.base/java.util.concurrent.FutureTask.run(FutureTask.java:264)
at java.base/java.util.concurrent.ThreadPoolExecutor.runWorker(ThreadPoolExecutor.java:1136)
at java.base/java.util.concurrent.ThreadPoolExecutor$Worker.run(ThreadPoolExecutor.java:635)
at java.base/java.lang.Thread.run(Thread.java:833)
... Removed 17 stack frames]]>
    </failure>
  </testcase> <!-- addToCart -->
  <testcase classname="practice.Sel_frame.ErrorValidation" name="tileLogin" time="0.0">
    <ignored/>
  </testcase> <!-- tileLogin -->
</testsuite> <!-- checkerror -->
