<?xml version="1.0" encoding="UTF-8"?>
<testng-results ignored="0" total="4" passed="3" failed="1" skipped="0">
  <reporter-output>
  </reporter-output>
  <suite started-at="2026-02-27T13:32:40 IST" name="Suite" finished-at="2026-02-27T13:33:48 IST" duration-ms="68163">
    <groups>
      <group name="ErrorHandling">
        <method signature="ErrorValidation.addToCart()[pri:0, instance:practice.Sel_frame.ErrorValidation@1921ad94]" name="addToCart" class="practice.Sel_frame.ErrorValidation"/>
      </group> <!-- ErrorHandling -->
      <group name="logged">
        <method signature="TileLogin.tileLogin(java.util.HashMap)[pri:0, instance:practice.Sel_frame.TileLogin@332796d3]" name="tileLogin" class="practice.Sel_frame.TileLogin"/>
      </group> <!-- logged -->
    </groups>
    <test started-at="2026-02-27T13:32:40 IST" name="login" finished-at="2026-02-27T13:33:08 IST" duration-ms="28823">
      <class name="practice.Sel_frame.TileLogin">
        <test-method is-config="true" signature="launchApplication()[pri:0, instance:practice.Sel_frame.TileLogin@332796d3]" started-at="2026-02-27T13:32:40 IST" name="launchApplication" finished-at="2026-02-27T13:32:54 IST" duration-ms="13992" status="PASS">
          <reporter-output>
          </reporter-output>
        </test-method> <!-- launchApplication -->
        <test-method signature="tileLogin(java.util.HashMap)[pri:0, instance:practice.Sel_frame.TileLogin@332796d3]" started-at="2026-02-27T13:32:54 IST" name="tileLogin" data-provider="getData" finished-at="2026-02-27T13:32:58 IST" duration-ms="3522" status="PASS">
          <params>
            <param index="0">
              <value>
                <![CDATA[{password=rHP5I944$ja2, email=dali12@gmail.com}]]>
              </value>
            </param>
          </params>
          <reporter-output>
          </reporter-output>
        </test-method> <!-- tileLogin -->
        <test-method is-config="true" signature="closeApplication()[pri:0, instance:practice.Sel_frame.TileLogin@332796d3]" started-at="2026-02-27T13:32:58 IST" name="closeApplication" finished-at="2026-02-27T13:32:59 IST" duration-ms="1008" status="PASS">
          <reporter-output>
          </reporter-output>
        </test-method> <!-- closeApplication -->
        <test-method is-config="true" signature="launchApplication()[pri:0, instance:practice.Sel_frame.TileLogin@332796d3]" started-at="2026-02-27T13:32:59 IST" name="launchApplication" finished-at="2026-02-27T13:33:03 IST" duration-ms="4589" status="PASS">
          <reporter-output>
          </reporter-output>
        </test-method> <!-- launchApplication -->
        <test-method signature="tileLogin(java.util.HashMap)[pri:0, instance:practice.Sel_frame.TileLogin@332796d3]" started-at="2026-02-27T13:33:03 IST" name="tileLogin" data-provider="getData" finished-at="2026-02-27T13:33:07 IST" duration-ms="4051" status="PASS">
          <params>
            <param index="0">
              <value>
                <![CDATA[{password=zo@ryK9QVq@Q, email=sellertestworker@gmail.com}]]>
              </value>
            </param>
          </params>
          <reporter-output>
          </reporter-output>
        </test-method> <!-- tileLogin -->
        <test-method is-config="true" signature="closeApplication()[pri:0, instance:practice.Sel_frame.TileLogin@332796d3]" started-at="2026-02-27T13:33:07 IST" name="closeApplication" finished-at="2026-02-27T13:33:08 IST" duration-ms="947" status="PASS">
          <reporter-output>
          </reporter-output>
        </test-method> <!-- closeApplication -->
      </class> <!-- practice.Sel_frame.TileLogin -->
    </test> <!-- login -->
    <test started-at="2026-02-27T13:33:10 IST" name="checkerror" finished-at="2026-02-27T13:33:48 IST" duration-ms="37940">
      <class name="practice.Sel_frame.ErrorValidation">
        <test-method is-config="true" signature="launchApplication()[pri:0, instance:practice.Sel_frame.ErrorValidation@1921ad94]" started-at="2026-02-27T13:33:10 IST" name="launchApplication" finished-at="2026-02-27T13:33:13 IST" duration-ms="2811" status="PASS">
          <reporter-output>
          </reporter-output>
        </test-method> <!-- launchApplication -->
        <test-method signature="addToCart()[pri:0, instance:practice.Sel_frame.ErrorValidation@1921ad94]" started-at="2026-02-27T13:33:13 IST" name="addToCart" finished-at="2026-02-27T13:33:36 IST" duration-ms="23830" status="PASS">
          <reporter-output>
          </reporter-output>
        </test-method> <!-- addToCart -->
        <test-method is-config="true" signature="closeApplication()[pri:0, instance:practice.Sel_frame.ErrorValidation@1921ad94]" started-at="2026-02-27T13:33:36 IST" name="closeApplication" finished-at="2026-02-27T13:33:37 IST" duration-ms="543" status="PASS">
          <reporter-output>
          </reporter-output>
        </test-method> <!-- closeApplication -->
        <test-method is-config="true" signature="launchApplication()[pri:0, instance:practice.Sel_frame.ErrorValidation@1921ad94]" started-at="2026-02-27T13:33:37 IST" name="launchApplication" finished-at="2026-02-27T13:33:42 IST" duration-ms="5476" status="PASS">
          <reporter-output>
          </reporter-output>
        </test-method> <!-- launchApplication -->
        <test-method signature="tileLogin()[pri:0, instance:practice.Sel_frame.ErrorValidation@1921ad94]" started-at="2026-02-27T13:33:42 IST" name="tileLogin" finished-at="2026-02-27T13:33:47 IST" duration-ms="4410" status="FAIL">
          <exception class="java.lang.AssertionError">
            <message>
              <![CDATA[expected [true] but found [false]]]>
            </message>
            <full-stacktrace>
              <![CDATA[java.lang.AssertionError: expected [true] but found [false]
at org.testng.Assert.fail(Assert.java:110)
at org.testng.Assert.failNotEquals(Assert.java:1577)
at org.testng.Assert.assertTrue(Assert.java:56)
at org.testng.Assert.assertTrue(Assert.java:66)
at practice.Sel_frame.ErrorValidation.tileLogin(ErrorValidation.java:23)
at java.base/jdk.internal.reflect.NativeMethodAccessorImpl.invoke0(Native Method)
at java.base/jdk.internal.reflect.NativeMethodAccessorImpl.invoke(NativeMethodAccessorImpl.java:77)
at java.base/jdk.internal.reflect.DelegatingMethodAccessorImpl.invoke(DelegatingMethodAccessorImpl.java:43)
at java.base/java.lang.reflect.Method.invoke(Method.java:568)
at org.testng.internal.invokers.MethodInvocationHelper.invokeMethod(MethodInvocationHelper.java:139)
at org.testng.internal.invokers.TestInvoker.invokeMethod(TestInvoker.java:677)
at org.testng.internal.invokers.TestInvoker.invokeTestMethod(TestInvoker.java:221)
at org.testng.internal.invokers.MethodRunner.runInSequence(MethodRunner.java:50)
at org.testng.internal.invokers.TestInvoker$MethodInvocationAgent.invoke(TestInvoker.java:969)
at org.testng.internal.invokers.TestInvoker.invokeTestMethods(TestInvoker.java:194)
at org.testng.internal.invokers.TestMethodWorker.invokeTestMethods(TestMethodWorker.java:148)
at org.testng.internal.invokers.TestMethodWorker.run(TestMethodWorker.java:128)
at java.base/java.util.ArrayList.forEach(ArrayList.java:1511)
at org.testng.TestRunner.privateRun(TestRunner.java:829)
at org.testng.TestRunner.run(TestRunner.java:602)
at org.testng.SuiteRunner.runTest(SuiteRunner.java:437)
at org.testng.SuiteRunner.runSequentially(SuiteRunner.java:431)
at org.testng.SuiteRunner.privateRun(SuiteRunner.java:391)
at org.testng.SuiteRunner.run(SuiteRunner.java:330)
at org.testng.SuiteRunnerWorker.runSuite(SuiteRunnerWorker.java:52)
at org.testng.SuiteRunnerWorker.run(SuiteRunnerWorker.java:95)
at org.testng.TestNG.runSuitesSequentially(TestNG.java:1256)
at org.testng.TestNG.runSuitesLocally(TestNG.java:1176)
at org.testng.TestNG.runSuites(TestNG.java:1099)
at org.testng.TestNG.run(TestNG.java:1067)
at org.testng.remote.AbstractRemoteTestNG.run(AbstractRemoteTestNG.java:115)
at org.testng.remote.RemoteTestNG.initAndRun(RemoteTestNG.java:251)
at org.testng.remote.RemoteTestNG.main(RemoteTestNG.java:77)
]]>
            </full-stacktrace>
          </exception> <!-- java.lang.AssertionError -->
          <reporter-output>
          </reporter-output>
        </test-method> <!-- tileLogin -->
        <test-method is-config="true" signature="closeApplication()[pri:0, instance:practice.Sel_frame.ErrorValidation@1921ad94]" started-at="2026-02-27T13:33:47 IST" name="closeApplication" finished-at="2026-02-27T13:33:48 IST" duration-ms="522" status="PASS">
          <reporter-output>
          </reporter-output>
        </test-method> <!-- closeApplication -->
      </class> <!-- practice.Sel_frame.ErrorValidation -->
    </test> <!-- checkerror -->
  </suite> <!-- Suite -->
</testng-results>
