<?xml version="1.0" encoding="UTF-8"?>
<!-- Generated by org.testng.reporters.JUnitReportReporter -->
<testsuite hostname="DESKTOP-RD643P7" failures="0" tests="2" name="practice.Sel_frame.TileLogin" time="87.054" errors="0" timestamp="2026-02-25T16:49:40 IST" skipped="0">
  <testcase classname="practice.Sel_frame.TileLogin" name="tileLogin" time="50.432"/>
  <system-out/>
  <testcase classname="practice.Sel_frame.TileLogin" name="tileLogin" time="36.622"/>
  <system-out/>
</testsuite> <!-- practice.Sel_frame.TileLogin -->
