<?xml version="1.0" encoding="UTF-8"?>
<!-- Generated by org.testng.reporters.JUnitReportReporter -->
<testsuite hostname="DESKTOP-RD643P7" failures="0" tests="2" name="practice.Sel_frame.TileLogin" time="28.109" errors="0" timestamp="2026-02-27T13:33:49 IST" skipped="0">
  <testcase classname="practice.Sel_frame.TileLogin" name="tileLogin" time="9.058"/>
  <system-out/>
  <testcase classname="practice.Sel_frame.TileLogin" name="tileLogin" time="19.051"/>
  <system-out/>
</testsuite> <!-- practice.Sel_frame.TileLogin -->
